{"contracts/Raffle.sol":{"l":{"64":3,"66":3,"67":3,"68":3,"69":3,"71":3,"72":3,"73":3,"78":5,"79":1,"82":4,"83":1,"85":3,"87":3,"104":1,"106":1,"108":1,"110":1,"112":1,"120":1,"122":1,"124":0,"128":1,"130":1,"132":1,"146":0,"148":0,"150":0,"152":0,"154":0,"156":0,"158":0,"159":0,"160":0,"162":0,"168":5,"173":1,"178":0,"183":1,"188":0,"193":1,"198":0,"203":0,"208":0,"209":0,"214":5,"219":1,"223":5},"path":"/Users/mac/Desktop/hardhat/hardhat-smartcontract-lottery/contracts/Raffle.sol","s":{"1":5,"2":4,"3":3,"4":3,"5":1,"6":1,"7":1,"8":1,"9":1,"10":1,"11":1,"12":1,"13":0,"14":0,"15":0,"16":0,"17":0,"18":5,"19":1,"20":0,"21":1,"22":0,"23":1,"24":0,"25":0,"26":0,"27":0,"28":5,"29":1,"30":5},"b":{"1":[1,4],"2":[1,3],"3":[0,1],"4":[0,0]},"f":{"1":3,"2":5,"3":1,"4":1,"5":0,"6":5,"7":1,"8":0,"9":1,"10":0,"11":1,"12":0,"13":0,"14":0,"15":5,"16":1,"17":5},"fnMap":{"1":{"name":"constructor","line":63,"loc":{"start":{"line":56,"column":2},"end":{"line":74,"column":2}}},"2":{"name":"enterRaffle","line":77,"loc":{"start":{"line":77,"column":2},"end":{"line":88,"column":2}}},"3":{"name":"checkUpkeep","line":93,"loc":{"start":{"line":93,"column":2},"end":{"line":113,"column":2}}},"4":{"name":"performUpkeep","line":115,"loc":{"start":{"line":115,"column":2},"end":{"line":133,"column":2}}},"5":{"name":"fulfillRandomWords","line":139,"loc":{"start":{"line":139,"column":2},"end":{"line":163,"column":2}}},"6":{"name":"getEntranceFee","line":167,"loc":{"start":{"line":167,"column":2},"end":{"line":169,"column":2}}},"7":{"name":"getPlayer","line":172,"loc":{"start":{"line":172,"column":2},"end":{"line":174,"column":2}}},"8":{"name":"getRecentWinner","line":177,"loc":{"start":{"line":177,"column":2},"end":{"line":179,"column":2}}},"9":{"name":"getRaffleState","line":182,"loc":{"start":{"line":182,"column":2},"end":{"line":184,"column":2}}},"10":{"name":"getNumWords","line":187,"loc":{"start":{"line":187,"column":2},"end":{"line":189,"column":2}}},"11":{"name":"getNumberOfPlayers","line":192,"loc":{"start":{"line":192,"column":2},"end":{"line":194,"column":2}}},"12":{"name":"getLatestTimeStamp","line":197,"loc":{"start":{"line":197,"column":2},"end":{"line":199,"column":2}}},"13":{"name":"getRequestComfirmations","line":202,"loc":{"start":{"line":202,"column":2},"end":{"line":204,"column":2}}},"14":{"name":"getWinnerChance","line":207,"loc":{"start":{"line":207,"column":2},"end":{"line":210,"column":2}}},"15":{"name":"getInterval","line":213,"loc":{"start":{"line":213,"column":2},"end":{"line":215,"column":2}}},"16":{"name":"getGasLane","line":218,"loc":{"start":{"line":218,"column":2},"end":{"line":220,"column":2}}},"17":{"name":"getSubId","line":222,"loc":{"start":{"line":222,"column":2},"end":{"line":224,"column":2}}}},"statementMap":{"1":{"start":{"line":78,"column":4},"end":{"line":78,"column":2800}},"2":{"start":{"line":82,"column":4},"end":{"line":82,"column":2895}},"3":{"start":{"line":85,"column":4},"end":{"line":85,"column":38}},"4":{"start":{"line":87,"column":4},"end":{"line":87,"column":32}},"5":{"start":{"line":104,"column":4},"end":{"line":104,"column":53}},"6":{"start":{"line":106,"column":4},"end":{"line":106,"column":72}},"7":{"start":{"line":108,"column":4},"end":{"line":108,"column":44}},"8":{"start":{"line":110,"column":4},"end":{"line":110,"column":49}},"9":{"start":{"line":120,"column":4},"end":{"line":120,"column":43}},"10":{"start":{"line":122,"column":4},"end":{"line":122,"column":4179}},"11":{"start":{"line":130,"column":4},"end":{"line":130,"column":139}},"12":{"start":{"line":132,"column":4},"end":{"line":132,"column":41}},"13":{"start":{"line":146,"column":4},"end":{"line":146,"column":61}},"14":{"start":{"line":148,"column":4},"end":{"line":148,"column":59}},"15":{"start":{"line":158,"column":4},"end":{"line":158,"column":74}},"16":{"start":{"line":159,"column":4},"end":{"line":159,"column":5856}},"17":{"start":{"line":162,"column":4},"end":{"line":162,"column":35}},"18":{"start":{"line":168,"column":4},"end":{"line":168,"column":24}},"19":{"start":{"line":173,"column":4},"end":{"line":173,"column":28}},"20":{"start":{"line":178,"column":4},"end":{"line":178,"column":25}},"21":{"start":{"line":183,"column":4},"end":{"line":183,"column":24}},"22":{"start":{"line":188,"column":4},"end":{"line":188,"column":20}},"23":{"start":{"line":193,"column":4},"end":{"line":193,"column":27}},"24":{"start":{"line":198,"column":4},"end":{"line":198,"column":26}},"25":{"start":{"line":203,"column":4},"end":{"line":203,"column":32}},"26":{"start":{"line":208,"column":4},"end":{"line":208,"column":49}},"27":{"start":{"line":209,"column":4},"end":{"line":209,"column":17}},"28":{"start":{"line":214,"column":4},"end":{"line":214,"column":21}},"29":{"start":{"line":219,"column":4},"end":{"line":219,"column":20}},"30":{"start":{"line":223,"column":4},"end":{"line":223,"column":27}}},"branchMap":{"1":{"line":78,"type":"if","locations":[{"start":{"line":78,"column":4},"end":{"line":78,"column":4}},{"start":{"line":78,"column":4},"end":{"line":78,"column":4}}]},"2":{"line":82,"type":"if","locations":[{"start":{"line":82,"column":4},"end":{"line":82,"column":4}},{"start":{"line":82,"column":4},"end":{"line":82,"column":4}}]},"3":{"line":122,"type":"if","locations":[{"start":{"line":122,"column":4},"end":{"line":122,"column":4}},{"start":{"line":122,"column":4},"end":{"line":122,"column":4}}]},"4":{"line":159,"type":"if","locations":[{"start":{"line":159,"column":4},"end":{"line":159,"column":4}},{"start":{"line":159,"column":4},"end":{"line":159,"column":4}}]}}},"contracts/test/VRFCoordinatorV2Mock.sol":{"l":{},"path":"/Users/mac/Desktop/hardhat/hardhat-smartcontract-lottery/contracts/test/VRFCoordinatorV2Mock.sol","s":{},"b":{},"f":{},"fnMap":{},"statementMap":{},"branchMap":{}}}