TN:
SF:/Users/mac/Desktop/hardhat/hardhat-smartcontract-lottery/contracts/Raffle.sol
FN:63,constructor
FN:77,enterRaffle
FN:93,checkUpkeep
FN:115,performUpkeep
FN:139,fulfillRandomWords
FN:167,getEntranceFee
FN:172,getPlayer
FN:177,getRecentWinner
FN:182,getRaffleState
FN:187,getNumWords
FN:192,getNumberOfPlayers
FN:197,getLatestTimeStamp
FN:202,getRequestComfirmations
FN:207,getWinnerChance
FN:213,getInterval
FN:218,getGasLane
FN:222,getSubId
FNF:17
FNH:11
FNDA:3,constructor
FNDA:5,enterRaffle
FNDA:1,checkUpkeep
FNDA:1,performUpkeep
FNDA:0,fulfillRandomWords
FNDA:5,getEntranceFee
FNDA:1,getPlayer
FNDA:0,getRecentWinner
FNDA:1,getRaffleState
FNDA:0,getNumWords
FNDA:1,getNumberOfPlayers
FNDA:0,getLatestTimeStamp
FNDA:0,getRequestComfirmations
FNDA:0,getWinnerChance
FNDA:5,getInterval
FNDA:1,getGasLane
FNDA:5,getSubId
DA:64,3
DA:66,3
DA:67,3
DA:68,3
DA:69,3
DA:71,3
DA:72,3
DA:73,3
DA:78,5
DA:79,1
DA:82,4
DA:83,1
DA:85,3
DA:87,3
DA:104,1
DA:106,1
DA:108,1
DA:110,1
DA:112,1
DA:120,1
DA:122,1
DA:124,0
DA:128,1
DA:130,1
DA:132,1
DA:146,0
DA:148,0
DA:150,0
DA:152,0
DA:154,0
DA:156,0
DA:158,0
DA:159,0
DA:160,0
DA:162,0
DA:168,5
DA:173,1
DA:178,0
DA:183,1
DA:188,0
DA:193,1
DA:198,0
DA:203,0
DA:208,0
DA:209,0
DA:214,5
DA:219,1
DA:223,5
LF:48
LH:31
BRDA:78,1,0,1
BRDA:78,1,1,4
BRDA:82,2,0,1
BRDA:82,2,1,3
BRDA:122,3,0,0
BRDA:122,3,1,1
BRDA:159,4,0,0
BRDA:159,4,1,0
BRF:8
BRH:5
end_of_record
TN:
SF:/Users/mac/Desktop/hardhat/hardhat-smartcontract-lottery/contracts/test/VRFCoordinatorV2Mock.sol
FNF:0
FNH:0
LF:0
LH:0
BRF:0
BRH:0
end_of_record
